<?xml version="1.0" encoding="UTF-8"?>
<robot generator="Robot 7.0 (Python 3.11.2 on win32)" generated="2025-02-10T22:41:40.570985" rpa="false" schemaversion="5">
<suite id="s1" name="Robodrama" source="C:\Users\alper\Documents\projects\robodrama">
<suite id="s1-s1" name="Tests" source="C:\Users\alper\Documents\projects\robodrama\tests">
<suite id="s1-s1-s1" name="Navigation Test" source="C:\Users\alper\Documents\projects\robodrama\tests\navigation_test.robot">
<test id="s1-s1-s1-t1" name="Navigate to Contact Page" line="7">
<kw name="Open Alperenbekci Page" owner="navigation_helper">
<msg time="2025-02-10T22:41:50.503481" level="INFO">Successfully initialized new page object and opened url: https://alperenbekci.me</msg>
<msg time="2025-02-10T22:41:50.503481" level="INFO">No browser and context was open. New browser and context was automatically opened when page is created.</msg>
<msg time="2025-02-10T22:41:50.503481" level="FAIL">KeyError: 'stable'</msg>
<status status="FAIL" start="2025-02-10T22:41:41.374587" elapsed="9.130897">KeyError: 'stable'</status>
</kw>
<kw name="Close Browser" owner="Browser">
<tag>BrowserControl</tag>
<tag>Setter</tag>
<doc>Closes the current browser.</doc>
<status status="NOT RUN" start="2025-02-10T22:41:50.506479" elapsed="0.000000"/>
</kw>
<status status="FAIL" start="2025-02-10T22:41:41.372596" elapsed="9.133883">KeyError: 'stable'</status>
</test>
<status status="FAIL" start="2025-02-10T22:41:40.591986" elapsed="9.957492"/>
</suite>
<status status="FAIL" start="2025-02-10T22:41:40.590984" elapsed="9.962497"/>
</suite>
<status status="FAIL" start="2025-02-10T22:41:40.573000" elapsed="9.981479"/>
</suite>
<statistics>
<total>
<stat pass="0" fail="1" skip="0">All Tests</stat>
</total>
<tag>
</tag>
<suite>
<stat pass="0" fail="1" skip="0" id="s1" name="Robodrama">Robodrama</stat>
<stat pass="0" fail="1" skip="0" id="s1-s1" name="Tests">Robodrama.Tests</stat>
<stat pass="0" fail="1" skip="0" id="s1-s1-s1" name="Navigation Test">Robodrama.Tests.Navigation Test</stat>
</suite>
</statistics>
<errors>
</errors>
</robot>
